<?xml version="1.0" encoding="UTF-8" ?>
<testsuite tests="17" failures="0" name="TestSuite" time="39.171" errors="0" skipped="0">
  <properties>
    <property name="java.runtime.name" value="Java(TM) SE Runtime Environment"/>
    <property name="java.vm.version" value="20.0.1+9-29"/>
    <property name="sun.boot.library.path" value="C:\Program Files\Java\jdk-20\bin"/>
    <property name="maven.multiModuleProjectDirectory" value="C:\Users\usama\IdeaProjects\API-Test-automation-practice"/>
    <property name="java.vm.vendor" value="Oracle Corporation"/>
    <property name="java.vendor.url" value="https://java.oracle.com/"/>
    <property name="guice.disable.misplaced.annotation.check" value="true"/>
    <property name="path.separator" value=";"/>
    <property name="java.vm.name" value="Java HotSpot(TM) 64-Bit Server VM"/>
    <property name="sun.os.patch.level" value=""/>
    <property name="user.script" value=""/>
    <property name="user.country" value="US"/>
    <property name="sun.java.launcher" value="SUN_STANDARD"/>
    <property name="test" value="AddUserTests,DeleteUserTest,LoginTests,UpdateUserTests,UserProfileTests"/>
    <property name="java.vm.specification.name" value="Java Virtual Machine Specification"/>
    <property name="user.dir" value="C:\Users\usama\IdeaProjects\API-Test-automation-practice"/>
    <property name="java.vm.compressedOopsMode" value="32-bit"/>
    <property name="java.runtime.version" value="20.0.1+9-29"/>
    <property name="os.arch" value="amd64"/>
    <property name="java.io.tmpdir" value="C:\Users\usama\AppData\Local\Temp\"/>
    <property name="line.separator" value="
"/>
    <property name="java.vm.specification.vendor" value="Oracle Corporation"/>
    <property name="user.variant" value=""/>
    <property name="stderr.encoding" value="cp437"/>
    <property name="os.name" value="Windows 10"/>
    <property name="classworlds.conf" value="E:\Automation config\apache-maven-3.8.2\bin\m2.conf"/>
    <property name="sun.jnu.encoding" value="Cp1252"/>
    <property name="stdout.encoding" value="cp437"/>
    <property name="java.library.path" value="C:\Program Files\Java\jdk-20\bin;C:\WINDOWS\Sun\Java\bin;C:\WINDOWS\system32;C:\WINDOWS;C:\Program Files (x86)\Common Files\Oracle\Java\javapath;C:\WINDOWS\system32;C:\WINDOWS;C:\WINDOWS\System32\Wbem;C:\WINDOWS\System32\WindowsPowerShell\v1.0\;C:\xampp\php;C:\Users\usama\composer.phar;C:\Users\usama\composer-setup;C:\WINDOWS\System32\OpenSSH\;C:\Users\usama\AppData\Local\Programs\Git\bin\;C:\Users\usama\AppData\Local\Programs\Git\cmd\;E:\Automation config\apache-maven-3.8.2\bin;C:\Users\usama\AppData\Local\Microsoft\WindowsApps;C:\Users\usama\AppData\Local\Programs\Microsoft VS Code\bin;C:\Users\usama\AppData\Local\Programs\Git\cmd;."/>
    <property name="maven.conf" value="E:\Automation config\apache-maven-3.8.2/conf"/>
    <property name="jdk.debug" value="release"/>
    <property name="java.class.version" value="64.0"/>
    <property name="java.specification.name" value="Java Platform API Specification"/>
    <property name="sun.management.compiler" value="HotSpot 64-Bit Tiered Compilers"/>
    <property name="os.version" value="10.0"/>
    <property name="user.home" value="C:\Users\usama"/>
    <property name="user.timezone" value="Africa/Cairo"/>
    <property name="file.encoding" value="UTF-8"/>
    <property name="java.specification.version" value="20"/>
    <property name="user.name" value="Usama"/>
    <property name="java.class.path" value="E:\Automation config\apache-maven-3.8.2\boot\plexus-classworlds-2.6.0.jar"/>
    <property name="java.vm.specification.version" value="20"/>
    <property name="sun.arch.data.model" value="64"/>
    <property name="sun.java.command" value="org.codehaus.plexus.classworlds.launcher.Launcher test -Dtest=AddUserTests,DeleteUserTest,LoginTests,UpdateUserTests,UserProfileTests"/>
    <property name="java.home" value="C:\Program Files\Java\jdk-20"/>
    <property name="user.language" value="en"/>
    <property name="java.specification.vendor" value="Oracle Corporation"/>
    <property name="java.vm.info" value="mixed mode, sharing"/>
    <property name="java.version" value="20.0.1"/>
    <property name="native.encoding" value="Cp1252"/>
    <property name="java.vendor" value="Oracle Corporation"/>
    <property name="maven.home" value="E:\Automation config\apache-maven-3.8.2"/>
    <property name="file.separator" value="\"/>
    <property name="java.version.date" value="2023-04-18"/>
    <property name="java.vendor.url.bug" value="https://bugreport.java.com/bugreport/"/>
    <property name="sun.io.unicode.encoding" value="UnicodeLittle"/>
    <property name="sun.cpu.endian" value="little"/>
    <property name="sun.cpu.isalist" value="amd64"/>
  </properties>
  <testcase classname="ContactList.tests.AddUserTests" name="VerifyAddingUserWithUnregisteredEmail" time="3.654"/>
  <testcase classname="ContactList.tests.AddUserTests" name="VerifyAddingUserWithRegisteredEmail" time="0.929"/>
  <testcase classname="ContactList.tests.DeleteUserTest" name="VerifyAddingUserWithUnregisteredEmail" time="0.91"/>
  <testcase classname="ContactList.tests.DeleteUserTest" name="VerifyDeletingUserSuccessfully" time="1.866"/>
  <testcase classname="ContactList.tests.LoginTests" name="VerifyAddingUserWithUnregisteredEmail" time="1.219"/>
  <testcase classname="ContactList.tests.LoginTests" name="VerifyLoginWithInCorrectEmailAndPw" time="0.834"/>
  <testcase classname="ContactList.tests.LoginTests" name="VerifyLoginWithCorrectEmailAndPw" time="0.793"/>
  <testcase classname="ContactList.tests.UpdateUserTests" name="verifyAddingUserWithUnregisteredEmail" time="1.274"/>
  <testcase classname="ContactList.tests.UpdateUserTests" name="verifyUpdatingUnRegisteredUser" time="0.79"/>
  <testcase classname="ContactList.tests.UpdateUserTests" name="verifyUpdatingRegisteredUser" time="1.241"/>
  <testcase classname="ContactList.tests.UserProfileTests" name="verifyAddingUserWithUnregisteredEmail" time="0.848"/>
  <testcase classname="ContactList.tests.UserProfileTests" name="verifyGettingUserProfileWithoutToken" time="0.824"/>
  <testcase classname="ContactList.tests.UserProfileTests" name="verifyGettingUserProfile" time="0.753"/>
  <testcase classname="PHPTravel.tests.LoginTests" name="LoginWithInvalidCredintials" time="0.729"/>
  <testcase classname="PHPTravel.tests.LoginTests" name="VerifyRegisteringUserWithValidData" time="6.25"/>
  <testcase classname="PHPTravel.tests.LoginTests" name="VerifyAccountSuccessfully" time="9.931"/>
  <testcase classname="PHPTravel.tests.LoginTests" name="LoginWithValidCredintials" time="6.326"/>
</testsuite>