<?xml version="1.0" encoding="UTF-8"?>
<!-- Generated by org.testng.reporters.JUnitReportReporter -->
<testsuite hostname="REDA" failures="0" tests="2" name="ContactList.tests.AddUserTests" time="4.581" errors="0" timestamp="2023-07-12T08:12:15 EET" skipped="0">
  <testcase classname="ContactList.tests.AddUserTests" name="VerifyAddingUserWithRegisteredEmail" time="0.929"/>
  <system-out/>
  <testcase classname="ContactList.tests.AddUserTests" name="VerifyAddingUserWithUnregisteredEmail" time="3.652"/>
  <system-out/>
</testsuite> <!-- ContactList.tests.AddUserTests -->
