<?xml version="1.0" encoding="UTF-8"?>
<!-- Generated by org.testng.reporters.JUnitReportReporter -->
<testsuite hostname="REDA" failures="0" tests="4" name="PHPTravel.tests.LoginTests" time="23.233" errors="0" timestamp="2023-07-12T08:12:15 EET" skipped="0">
  <testcase classname="PHPTravel.tests.LoginTests" name="VerifyRegisteringUserWithValidData" time="6.248"/>
  <system-out/>
  <testcase classname="PHPTravel.tests.LoginTests" name="VerifyAccountSuccessfully" time="9.932"/>
  <system-out/>
  <testcase classname="PHPTravel.tests.LoginTests" name="LoginWithInvalidCredintials" time="0.728"/>
  <system-out/>
  <testcase classname="PHPTravel.tests.LoginTests" name="LoginWithValidCredintials" time="6.325"/>
  <system-out/>
</testsuite> <!-- PHPTravel.tests.LoginTests -->
