<?xml version="1.0" encoding="UTF-8"?>
<!-- Generated by org.testng.reporters.JUnitReportReporter -->
<testsuite skipped="0" hostname="DESKTOP-V38MVE0" name="ContactList.tests.DeleteUserTest" tests="2" failures="0" timestamp="2023-07-19T23:02:29 EET" time="10.493" errors="0">
  <testcase name="VerifyAddingUserWithUnregisteredEmail" time="9.057" classname="ContactList.tests.DeleteUserTest"/>
  <system-out/>
  <testcase name="VerifyDeletingUserSuccessfully" time="1.436" classname="ContactList.tests.DeleteUserTest"/>
  <system-out/>
</testsuite> <!-- ContactList.tests.DeleteUserTest -->
