<?xml version="1.0" encoding="UTF-8"?>
<!-- Generated by org.testng.reporters.JUnitReportReporter -->
<testsuite hostname="REDA" failures="0" tests="2" name="ContactList.tests.DeleteUserTest" time="2.779" errors="0" timestamp="2023-07-12T08:12:15 EET" skipped="0">
  <testcase classname="ContactList.tests.DeleteUserTest" name="VerifyAddingUserWithUnregisteredEmail" time="0.912"/>
  <system-out/>
  <testcase classname="ContactList.tests.DeleteUserTest" name="VerifyDeletingUserSuccessfully" time="1.867"/>
  <system-out/>
</testsuite> <!-- ContactList.tests.DeleteUserTest -->
