<?xml version="1.0" encoding="UTF-8"?>
<!-- Generated by org.testng.reporters.JUnitReportReporter -->
<testsuite hostname="REDA" failures="0" tests="2" name="ContactList.tests.DeleteUserTest" time="5.487" errors="0" timestamp="2023-07-19T10:01:21 EET" skipped="0">
  <testcase classname="ContactList.tests.DeleteUserTest" name="VerifyAddingUserWithUnregisteredEmail" time="3.753"/>
  <system-out/>
  <testcase classname="ContactList.tests.DeleteUserTest" name="VerifyDeletingUserSuccessfully" time="1.734"/>
  <system-out/>
</testsuite> <!-- ContactList.tests.DeleteUserTest -->
