<?xml version="1.0" encoding="UTF-8"?>
<!-- Generated by org.testng.reporters.JUnitReportReporter -->
<testsuite hostname="REDA" failures="0" tests="3" name="ContactList.tests.LoginTests" time="2.846" errors="0" timestamp="2023-07-12T08:12:15 EET" skipped="0">
  <testcase classname="ContactList.tests.LoginTests" name="VerifyAddingUserWithUnregisteredEmail" time="1.220"/>
  <system-out/>
  <testcase classname="ContactList.tests.LoginTests" name="VerifyLoginWithInCorrectEmailAndPw" time="0.833"/>
  <system-out/>
  <testcase classname="ContactList.tests.LoginTests" name="VerifyLoginWithCorrectEmailAndPw" time="0.793"/>
  <system-out/>
</testsuite> <!-- ContactList.tests.LoginTests -->
