<?xml version="1.0" encoding="UTF-8"?>
<!-- Generated by org.testng.reporters.JUnitReportReporter -->
<testsuite hostname="REDA" failures="0" tests="3" name="ContactList.tests.UpdateUserTests" time="3.305" errors="0" timestamp="2023-07-12T08:12:15 EET" skipped="0">
  <testcase classname="ContactList.tests.UpdateUserTests" name="verifyAddingUserWithUnregisteredEmail" time="1.272"/>
  <system-out/>
  <testcase classname="ContactList.tests.UpdateUserTests" name="verifyUpdatingUnRegisteredUser" time="0.792"/>
  <system-out/>
  <testcase classname="ContactList.tests.UpdateUserTests" name="verifyUpdatingRegisteredUser" time="1.241"/>
  <system-out/>
</testsuite> <!-- ContactList.tests.UpdateUserTests -->
