<?xml version="1.0" encoding="UTF-8"?>
<!-- Generated by org.testng.reporters.JUnitReportReporter -->
<testsuite hostname="DESKTOP-V38MVE0" failures="0" tests="2" name="ContactList.tests.AddUserTests" time="10.176" errors="0" timestamp="2023-07-19T22:54:11 EET" skipped="0">
  <testcase classname="ContactList.tests.AddUserTests" name="VerifyAddingUserWithRegisteredEmail" time="0.812"/>
  <system-out/>
  <testcase classname="ContactList.tests.AddUserTests" name="VerifyAddingUserWithUnregisteredEmail" time="9.364"/>
  <system-out/>
</testsuite> <!-- ContactList.tests.AddUserTests -->
