<?xml version="1.0" encoding="UTF-8"?>
<!-- Generated by org.testng.reporters.JUnitReportReporter -->
<testsuite hostname="REDA" failures="0" tests="3" name="ContactList.tests.UserProfileTests" time="2.424" errors="0" timestamp="2023-07-12T08:12:15 EET" skipped="0">
  <testcase classname="ContactList.tests.UserProfileTests" name="verifyAddingUserWithUnregisteredEmail" time="0.835"/>
  <system-out/>
  <testcase classname="ContactList.tests.UserProfileTests" name="verifyGettingUserProfileWithoutToken" time="0.837"/>
  <system-out/>
  <testcase classname="ContactList.tests.UserProfileTests" name="verifyGettingUserProfile" time="0.752"/>
  <system-out/>
</testsuite> <!-- ContactList.tests.UserProfileTests -->
